<?xml version="1.0" encoding="UTF-8"?>
<testsuite xmlns:xsi="http://www.w3.org/2001/XMLSchema-instance" xsi:noNamespaceSchemaLocation="https://maven.apache.org/surefire/maven-surefire-plugin/xsd/surefire-test-report.xsd" name="test.RegistrationTest" time="6.387" tests="2" errors="0" skipped="0" failures="0">
  <properties>
[...]
</properties>
  <testcase name="registrationTestWithInvalidPassword" classname="test.RegistrationTest" time="1.696"/>
  <testcase name="registrationTest" classname="test.RegistrationTest" time="4.659"/>
</testsuite>